{
  "RSpec": {
    "coverage": {
      "D:/Meghesh/Work/RAILS/social-app/spec/requests/article_controller_spec.rb": {
        "lines": [
          1,
          1,
          0,
          null,
          1,
          null,
          18,
          5,
          14,
          5,
          14,
          8,
          5,
          null,
          null,
          1,
          1,
          1,
          1,
          1,
          null,
          null,
          1,
          null,
          1,
          1,
          1,
          null,
          null,
          1,
          null,
          null,
          1,
          1,
          1,
          1,
          null,
          null,
          1,
          null,
          1,
          1,
          1,
          null,
          null,
          1,
          null,
          null,
          null,
          null,
          1,
          1,
          1,
          1,
          1,
          null,
          1,
          1,
          1,
          null,
          null,
          null,
          1,
          1,
          1,
          1,
          1,
          1,
          null,
          1,
          1,
          1,
          1,
          null,
          1,
          1,
          1,
          1,
          null,
          null,
          1,
          1,
          1,
          1,
          1,
          null,
          1,
          1,
          1,
          1,
          null,
          null,
          1,
          1,
          1,
          1,
          1,
          null,
          1,
          1,
          1,
          1,
          null,
          null,
          null,
          1,
          1,
          1,
          1,
          1,
          null,
          1,
          1,
          1,
          null,
          null,
          1,
          1,
          1,
          1,
          null,
          1,
          1,
          1,
          null,
          null,
          null,
          null
        ]
      },
      "D:/Meghesh/Work/RAILS/social-app/spec/rails_helper.rb": {
        "lines": [
          null,
          null,
          1,
          1,
          1,
          null,
          1,
          1,
          null,
          null,
          null,
          null,
          null,
          null,
          null,
          null,
          null,
          null,
          null,
          null,
          null,
          null,
          null,
          2,
          null,
          null,
          null,
          null,
          1,
          null,
          0,
          null,
          1,
          null,
          1,
          null,
          null,
          null,
          null,
          null,
          null,
          1,
          null,
          null,
          null,
          null,
          null,
          null,
          null,
          null,
          null,
          null,
          null,
          null,
          null,
          null,
          null,
          null,
          null,
          1,
          null,
          null,
          1,
          null,
          null,
          null
        ]
      },
      "D:/Meghesh/Work/RAILS/social-app/config/environment.rb": {
        "lines": [
          null,
          1,
          null,
          null,
          1
        ]
      },
      "D:/Meghesh/Work/RAILS/social-app/config/application.rb": {
        "lines": [
          1,
          null,
          1,
          null,
          null,
          null,
          1,
          null,
          1,
          1,
          null,
          1,
          null,
          null,
          null,
          null,
          1,
          null,
          null,
          null,
          null,
          null,
          null,
          null,
          null,
          null,
          null,
          null,
          null,
          1,
          null,
          null
        ]
      },
      "D:/Meghesh/Work/RAILS/social-app/config/boot.rb": {
        "lines": [
          1,
          null,
          1,
          1
        ]
      },
      "D:/Meghesh/Work/RAILS/social-app/config/environments/test.rb": {
        "lines": [
          1,
          null,
          null,
          null,
          null,
          null,
          null,
          1,
          null,
          null,
          null,
          1,
          null,
          null,
          null,
          null,
          null,
          1,
          null,
          null,
          1,
          1,
          null,
          null,
          null,
          null,
          1,
          1,
          1,
          null,
          null,
          1,
          null,
          null,
          1,
          null,
          null,
          1,
          null,
          1,
          null,
          null,
          null,
          null,
          1,
          null,
          null,
          1,
          null,
          null,
          1,
          null,
          null,
          1,
          null,
          null,
          null,
          null,
          null,
          null,
          null,
          null,
          1,
          null
        ]
      },
      "D:/Meghesh/Work/RAILS/social-app/config/initializers/cloudinary.rb": {
        "lines": [
          1,
          null,
          1,
          1,
          1,
          1,
          1,
          1,
          null
        ]
      },
      "D:/Meghesh/Work/RAILS/social-app/config/initializers/cors.rb": {
        "lines": [
          null,
          null,
          null,
          null,
          null,
          null,
          null,
          null,
          null,
          null,
          null,
          null,
          null,
          null,
          null,
          null
        ]
      },
      "D:/Meghesh/Work/RAILS/social-app/config/initializers/filter_parameter_logging.rb": {
        "lines": [
          null,
          null,
          null,
          null,
          null,
          1,
          null,
          null
        ]
      },
      "D:/Meghesh/Work/RAILS/social-app/config/initializers/inflections.rb": {
        "lines": [
          null,
          null,
          null,
          null,
          null,
          null,
          null,
          null,
          null,
          null,
          null,
          null,
          null,
          null,
          null,
          null
        ]
      },
      "D:/Meghesh/Work/RAILS/social-app/spec/factories/article.rb": {
        "lines": [
          1,
          null,
          1,
          37,
          41,
          41,
          1,
          null,
          null
        ]
      },
      "D:/Meghesh/Work/RAILS/social-app/spec/factories/comment.rb": {
        "lines": [
          1,
          1,
          17,
          1,
          1,
          null,
          null
        ]
      },
      "D:/Meghesh/Work/RAILS/social-app/spec/factories/friendship.rb": {
        "lines": [
          1,
          1,
          1,
          1,
          1,
          null,
          null
        ]
      },
      "D:/Meghesh/Work/RAILS/social-app/spec/factories/notification.rb": {
        "lines": [
          1,
          1,
          1,
          1,
          31,
          null,
          null
        ]
      },
      "D:/Meghesh/Work/RAILS/social-app/spec/factories/user.rb": {
        "lines": [
          1,
          1,
          184,
          184,
          184,
          184,
          184,
          null,
          1,
          0,
          null,
          null
        ]
      },
      "D:/Meghesh/Work/RAILS/social-app/config/routes.rb": {
        "lines": [
          1,
          null,
          1,
          1,
          1,
          1,
          1,
          1,
          1,
          null,
          1,
          1,
          1,
          1,
          1,
          1,
          1,
          null,
          1,
          1,
          1,
          1,
          null,
          1,
          1,
          1,
          1,
          null,
          1,
          1,
          1,
          1,
          1,
          1,
          null,
          1,
          1,
          null,
          null
        ]
      },
      "D:/Meghesh/Work/RAILS/social-app/spec/support/factory_bot.rb": {
        "lines": [
          1,
          1,
          null
        ]
      },
      "D:/Meghesh/Work/RAILS/social-app/spec/requests/authentication_spec.rb": {
        "lines": [
          1,
          1,
          1,
          0,
          null,
          null,
          1,
          8,
          3,
          null,
          1,
          1,
          1,
          1,
          null,
          null,
          null,
          1,
          null,
          1,
          1,
          null,
          null,
          null,
          1,
          null,
          1,
          1,
          null,
          null,
          null,
          1,
          null,
          null,
          1,
          1,
          1,
          null,
          null,
          null,
          1,
          null,
          1,
          1,
          null,
          null,
          null,
          1,
          null,
          null,
          null,
          1,
          1,
          1,
          1,
          null,
          null,
          1,
          null,
          1,
          1,
          null,
          null,
          1,
          null,
          null,
          1,
          1,
          1,
          1,
          null,
          1,
          1,
          1,
          null,
          null,
          null,
          null
        ]
      },
      "D:/Meghesh/Work/RAILS/social-app/spec/requests/comment_controller_spec.rb": {
        "lines": [
          1,
          1,
          0,
          null,
          1,
          17,
          15,
          7,
          11,
          17,
          11,
          7,
          5,
          null,
          1,
          1,
          1,
          1,
          1,
          1,
          null,
          1,
          1,
          1,
          1,
          null,
          null,
          1,
          1,
          1,
          1,
          1,
          null,
          1,
          1,
          1,
          1,
          null,
          null,
          null,
          1,
          1,
          1,
          1,
          1,
          1,
          null,
          1,
          1,
          1,
          null,
          null,
          null,
          1,
          1,
          1,
          1,
          1,
          1,
          null,
          1,
          1,
          1,
          1,
          null,
          null,
          1,
          1,
          1,
          1,
          1,
          null,
          1,
          1,
          1,
          1,
          null,
          null,
          1,
          1,
          1,
          1,
          1,
          null,
          1,
          1,
          1,
          1,
          null,
          null,
          null,
          1,
          1,
          1,
          1,
          1,
          null,
          1,
          1,
          1,
          null,
          null,
          1,
          1,
          1,
          1,
          null,
          1,
          1,
          1,
          null,
          null,
          null,
          null
        ]
      },
      "D:/Meghesh/Work/RAILS/social-app/spec/requests/forgot_password_controller_spec.rb": {
        "lines": [
          1,
          null,
          1,
          0,
          null,
          null,
          1,
          5,
          1,
          1,
          1,
          1,
          1,
          null,
          1,
          1,
          1,
          null,
          null,
          1,
          1,
          1,
          1,
          null,
          1,
          1,
          1,
          null,
          null,
          null,
          1,
          1,
          1,
          1,
          1,
          null,
          1,
          1,
          1,
          null,
          null,
          1,
          1,
          1,
          1,
          null,
          1,
          1,
          1,
          null,
          null,
          null,
          null
        ]
      },
      "D:/Meghesh/Work/RAILS/social-app/spec/requests/friendship_controller_spec.rb": {
        "lines": [
          1,
          null,
          1,
          0,
          null,
          null,
          1,
          21,
          21,
          21,
          21,
          21,
          21,
          21,
          21,
          21,
          21,
          17,
          5,
          null,
          1,
          1,
          1,
          1,
          null,
          null,
          1,
          null,
          1,
          1,
          null,
          null,
          1,
          null,
          null,
          1,
          1,
          1,
          null,
          null,
          1,
          null,
          1,
          1,
          null,
          null,
          1,
          null,
          null,
          1,
          1,
          1,
          null,
          null,
          1,
          null,
          1,
          1,
          null,
          null,
          1,
          null,
          null,
          1,
          1,
          1,
          null,
          null,
          1,
          null,
          1,
          1,
          null,
          null,
          1,
          null,
          null,
          null,
          1,
          1,
          1,
          1,
          1,
          null,
          1,
          1,
          1,
          null,
          null,
          null,
          1,
          1,
          1,
          1,
          1,
          null,
          1,
          1,
          1,
          null,
          null,
          null,
          1,
          1,
          1,
          1,
          1,
          null,
          1,
          1,
          1,
          null,
          null,
          1,
          1,
          1,
          1,
          null,
          1,
          1,
          1,
          null,
          null,
          null,
          1,
          1,
          1,
          1,
          1,
          null,
          1,
          1,
          1,
          null,
          null,
          1,
          1,
          1,
          1,
          null,
          1,
          1,
          1,
          null,
          null,
          null,
          null
        ]
      },
      "D:/Meghesh/Work/RAILS/social-app/spec/requests/notification_controller_spec.rb": {
        "lines": [
          1,
          null,
          1,
          0,
          null,
          null,
          1,
          4,
          4,
          4,
          1,
          3,
          null,
          1,
          1,
          1,
          1,
          1,
          null,
          1,
          1,
          1,
          null,
          1,
          1,
          1,
          null,
          null,
          null,
          null
        ]
      },
      "D:/Meghesh/Work/RAILS/social-app/spec/requests/user_controller_spec.rb": {
        "lines": [
          1,
          null,
          1,
          53,
          null,
          null,
          1,
          null,
          6,
          1,
          null,
          2,
          null,
          null,
          null,
          null,
          null,
          11,
          11,
          1,
          1,
          1,
          1,
          1,
          null,
          1,
          1,
          1,
          null,
          1,
          1,
          1,
          null,
          1,
          1,
          1,
          null,
          1,
          1,
          1,
          null,
          null,
          1,
          1,
          1,
          1,
          null,
          1,
          1,
          1,
          null,
          null,
          null,
          1,
          1,
          1,
          1,
          1,
          null,
          1,
          1,
          1,
          null,
          1,
          1,
          1,
          null,
          null,
          1,
          1,
          1,
          1,
          null,
          1,
          1,
          1,
          null,
          null,
          null,
          1,
          1,
          1,
          1,
          1,
          null,
          1,
          1,
          1,
          null,
          null,
          1,
          1,
          1,
          1,
          null,
          1,
          1,
          1,
          null,
          null,
          1,
          1,
          1,
          1,
          null,
          1,
          1,
          1,
          null,
          null,
          null,
          1,
          4,
          3,
          null,
          1,
          1,
          1,
          1,
          null,
          1,
          1,
          1,
          null,
          1,
          1,
          1,
          null,
          null,
          null,
          1,
          1,
          1,
          1,
          null,
          1,
          1,
          1,
          null,
          null,
          null,
          null,
          null
        ]
      },
      "D:/Meghesh/Work/RAILS/social-app/app/models/article.rb": {
        "lines": [
          1,
          1,
          1,
          1,
          1,
          1,
          null,
          null
        ]
      },
      "D:/Meghesh/Work/RAILS/social-app/app/models/application_record.rb": {
        "lines": [
          1,
          1,
          null
        ]
      },
      "D:/Meghesh/Work/RAILS/social-app/lib/json_web_token.rb": {
        "lines": [
          1,
          1,
          null,
          1,
          81,
          81,
          null,
          null,
          1,
          68,
          68,
          68,
          null,
          null,
          null,
          null,
          null,
          null
        ]
      },
      "D:/Meghesh/Work/RAILS/social-app/app/models/user.rb": {
        "lines": [
          1,
          1,
          1,
          null,
          null,
          1,
          1,
          1,
          1,
          null,
          null,
          null,
          null,
          1,
          null,
          1,
          null,
          null,
          null,
          null,
          null,
          1,
          1,
          null,
          null,
          1,
          1,
          null,
          1,
          1,
          null,
          1,
          1,
          null,
          null,
          null,
          1,
          null,
          1,
          363,
          363,
          null,
          null
        ]
      },
      "D:/Meghesh/Work/RAILS/social-app/app/controllers/article_controller.rb": {
        "lines": [
          1,
          null,
          1,
          0,
          null,
          0,
          null,
          0,
          null,
          0,
          0,
          null,
          0,
          0,
          0,
          0,
          null,
          null,
          null,
          0,
          null,
          1,
          0,
          0,
          0,
          0,
          null,
          1,
          4,
          4,
          4,
          2,
          null,
          2,
          null,
          null,
          null,
          1,
          2,
          2,
          null,
          null,
          1,
          7,
          7,
          5,
          3,
          null,
          2,
          null,
          null,
          2,
          null,
          null,
          null,
          1,
          4,
          4,
          2,
          2,
          null,
          null,
          2,
          null,
          null,
          null,
          1,
          0,
          0,
          null,
          0,
          0,
          0,
          0,
          null,
          0,
          null,
          null,
          null,
          null,
          1,
          1,
          9,
          null,
          null
        ]
      },
      "D:/Meghesh/Work/RAILS/social-app/app/controllers/application_controller.rb": {
        "lines": [
          1,
          1,
          1,
          1,
          1,
          0,
          null,
          null,
          1,
          1,
          72,
          72,
          66,
          66,
          66,
          66,
          null,
          0,
          null,
          null,
          6,
          null,
          null,
          null,
          1,
          0,
          null,
          null
        ]
      },
      "D:/Meghesh/Work/RAILS/social-app/app/models/comment.rb": {
        "lines": [
          1,
          1,
          1,
          1,
          1,
          null
        ]
      },
      "D:/Meghesh/Work/RAILS/social-app/app/controllers/authentication_controller.rb": {
        "lines": [
          1,
          1,
          1,
          5,
          5,
          3,
          3,
          3,
          null,
          2,
          null,
          null,
          null,
          1,
          4,
          4,
          2,
          2,
          2,
          null,
          2,
          null,
          null,
          null,
          null
        ]
      },
      "D:/Meghesh/Work/RAILS/social-app/app/controllers/comment_controller.rb": {
        "lines": [
          1,
          null,
          1,
          4,
          4,
          4,
          2,
          null,
          2,
          null,
          null,
          null,
          null,
          1,
          2,
          2,
          null,
          null,
          1,
          6,
          6,
          4,
          2,
          null,
          2,
          null,
          null,
          2,
          null,
          null,
          null,
          1,
          4,
          4,
          2,
          2,
          null,
          2,
          null,
          null,
          null,
          1,
          1,
          8,
          null,
          null
        ]
      },
      "D:/Meghesh/Work/RAILS/social-app/app/controllers/forgot_password_controller.rb": {
        "lines": [
          1,
          1,
          1,
          4,
          4,
          2,
          2,
          2,
          2,
          null,
          null,
          2,
          null,
          null,
          null,
          1,
          4,
          4,
          2,
          2,
          null,
          0,
          null,
          null,
          2,
          null,
          null,
          null,
          null
        ]
      },
      "D:/Meghesh/Work/RAILS/social-app/app/mailers/forgot_password_mailer.rb": {
        "lines": [
          1,
          1,
          2,
          2,
          2,
          null,
          null
        ]
      },
      "D:/Meghesh/Work/RAILS/social-app/app/mailers/application_mailer.rb": {
        "lines": [
          1,
          1,
          1,
          null
        ]
      },
      "D:/Meghesh/Work/RAILS/social-app/app/models/friendship.rb": {
        "lines": [
          1,
          1,
          1,
          null
        ]
      },
      "D:/Meghesh/Work/RAILS/social-app/app/models/blocked_user.rb": {
        "lines": [
          1,
          1,
          1,
          null
        ]
      },
      "D:/Meghesh/Work/RAILS/social-app/app/controllers/friendship_controller.rb": {
        "lines": [
          1,
          null,
          null,
          1,
          8,
          8,
          8,
          8,
          8,
          null,
          2,
          null,
          2,
          null,
          4,
          2,
          2,
          2,
          2,
          2,
          2,
          null,
          0,
          null,
          null,
          null,
          2,
          null,
          null,
          null,
          0,
          0,
          0,
          null,
          0,
          0,
          0,
          0,
          0,
          null,
          0,
          null,
          null,
          null,
          null,
          null,
          null,
          1,
          2,
          2,
          2,
          2,
          2,
          2,
          2,
          2,
          2,
          null,
          null,
          null,
          1,
          2,
          2,
          2,
          2,
          2,
          2,
          2,
          2,
          null,
          null,
          1,
          4,
          2,
          null,
          2,
          2,
          0,
          0,
          0,
          null,
          2,
          2,
          0,
          0,
          null,
          null,
          2,
          2,
          0,
          0,
          null,
          null,
          2,
          2,
          2,
          2,
          2,
          null,
          null,
          null,
          null,
          1,
          4,
          4,
          2,
          2,
          0,
          0,
          null,
          null,
          2,
          2,
          0,
          0,
          null,
          null,
          2,
          2,
          null,
          2,
          null,
          null,
          null,
          null
        ]
      },
      "D:/Meghesh/Work/RAILS/social-app/app/models/notification.rb": {
        "lines": [
          1,
          1,
          1,
          null
        ]
      },
      "D:/Meghesh/Work/RAILS/social-app/app/models/shared_article.rb": {
        "lines": [
          1,
          1,
          1,
          1,
          null
        ]
      },
      "D:/Meghesh/Work/RAILS/social-app/app/controllers/notification_controller.rb": {
        "lines": [
          1,
          1,
          3,
          3,
          3,
          null,
          null
        ]
      },
      "D:/Meghesh/Work/RAILS/social-app/app/controllers/user_controller.rb": {
        "lines": [
          1,
          1,
          1,
          3,
          3,
          null,
          1,
          7,
          7,
          7,
          7,
          5,
          5,
          5,
          5,
          null,
          2,
          null,
          null,
          1,
          0,
          0,
          0,
          0,
          0,
          0,
          null,
          0,
          null,
          null,
          0,
          null,
          null,
          1,
          5,
          5,
          3,
          3,
          3,
          3,
          null,
          2,
          null,
          null,
          null,
          null,
          1,
          2,
          null,
          null,
          1,
          null,
          1,
          0,
          0,
          null,
          1,
          12,
          null,
          null
        ]
      },
      "D:/Meghesh/Work/RAILS/social-app/app/mailers/user_mailer.rb": {
        "lines": [
          1,
          1,
          5,
          5,
          5,
          null,
          null
        ]
      }
    },
    "timestamp": 1711048743
  }
}
